# JRE version: OpenJDK Runtime Environment (8.0) (build 1.8.0-adoptopenjdk-_2018_05_19_00_59-b00)
# Java VM: OpenJDK 64-Bit Server VM (25.71-b00 mixed mode windows-amd64 compressed oops)
Heap:
 PSYoungGen      total 76288K, used 21552K [0x000000076af00000, 0x0000000770e80000, 0x00000007c0000000)
  eden space 65536K, 25% used [0x000000076af00000,0x000000076bf3e228,0x000000076ef00000)
  from space 10752K, 45% used [0x000000076f980000,0x000000076fe4e078,0x0000000770400000)
  to   space 10752K, 0% used [0x000000076ef00000,0x000000076ef00000,0x000000076f980000)
 ParOldGen       total 120320K, used 3317K [0x00000006c0c00000, 0x00000006c8180000, 0x000000076af00000)
  object space 120320K, 2% used [0x00000006c0c00000,0x00000006c0f3d7d8,0x00000006c8180000)
 Metaspace       used 17132K, capacity 17542K, committed 17792K, reserved 1067008K
  class space    used 1964K, capacity 2081K, committed 2176K, reserved 1048576K
GC Heap History (6 events):
Event: 0.487 GC heap before
{Heap before GC invocations=1 (full 0):
 PSYoungGen      total 76288K, used 18358K [0x000000076af00000, 0x0000000770400000, 0x00000007c0000000)
  eden space 65536K, 28% used [0x000000076af00000,0x000000076c0eda00,0x000000076ef00000)
  from space 10752K, 0% used [0x000000076f980000,0x000000076f980000,0x0000000770400000)
  to   space 10752K, 0% used [0x000000076ef00000,0x000000076ef00000,0x000000076f980000)
 ParOldGen       total 175104K, used 0K [0x00000006c0c00000, 0x00000006cb700000, 0x000000076af00000)
  object space 175104K, 0% used [0x00000006c0c00000,0x00000006c0c00000,0x00000006cb700000)
 Metaspace       used 11668K, capacity 11858K, committed 12032K, reserved 1064960K
  class space    used 1423K, capacity 1504K, committed 1536K, reserved 1048576K
Event: 0.491 GC heap after
Heap after GC invocations=1 (full 0):
 PSYoungGen      total 76288K, used 3507K [0x000000076af00000, 0x0000000770400000, 0x00000007c0000000)
  eden space 65536K, 0% used [0x000000076af00000,0x000000076af00000,0x000000076ef00000)
  from space 10752K, 32% used [0x000000076ef00000,0x000000076f26cfa8,0x000000076f980000)
  to   space 10752K, 0% used [0x000000076f980000,0x000000076f980000,0x0000000770400000)
 ParOldGen       total 175104K, used 80K [0x00000006c0c00000, 0x00000006cb700000, 0x000000076af00000)
  object space 175104K, 0% used [0x00000006c0c00000,0x00000006c0c14010,0x00000006cb700000)
 Metaspace       used 11668K, capacity 11858K, committed 12032K, reserved 1064960K
  class space    used 1423K, capacity 1504K, committed 1536K, reserved 1048576K
}
Event: 0.491 GC heap before
{Heap before GC invocations=2 (full 1):
 PSYoungGen      total 76288K, used 3507K [0x000000076af00000, 0x0000000770400000, 0x00000007c0000000)
  eden space 65536K, 0% used [0x000000076af00000,0x000000076af00000,0x000000076ef00000)
  from space 10752K, 32% used [0x000000076ef00000,0x000000076f26cfa8,0x000000076f980000)
  to   space 10752K, 0% used [0x000000076f980000,0x000000076f980000,0x0000000770400000)
 ParOldGen       total 175104K, used 80K [0x00000006c0c00000, 0x00000006cb700000, 0x000000076af00000)
  object space 175104K, 0% used [0x00000006c0c00000,0x00000006c0c14010,0x00000006cb700000)
 Metaspace       used 11668K, capacity 11858K, committed 12032K, reserved 1064960K
  class space    used 1423K, capacity 1504K, committed 1536K, reserved 1048576K
Event: 0.502 GC heap after
Heap after GC invocations=2 (full 1):
 PSYoungGen      total 76288K, used 0K [0x000000076af00000, 0x0000000770400000, 0x00000007c0000000)
  eden space 65536K, 0% used [0x000000076af00000,0x000000076af00000,0x000000076ef00000)
  from space 10752K, 0% used [0x000000076ef00000,0x000000076ef00000,0x000000076f980000)
  to   space 10752K, 0% used [0x000000076f980000,0x000000076f980000,0x0000000770400000)
 ParOldGen       total 120320K, used 3301K [0x00000006c0c00000, 0x00000006c8180000, 0x000000076af00000)
  object space 120320K, 2% used [0x00000006c0c00000,0x00000006c0f397d8,0x00000006c8180000)
 Metaspace       used 11668K, capacity 11858K, committed 12032K, reserved 1062912K
  class space    used 1423K, capacity 1504K, committed 1536K, reserved 1048576K
}
Event: 2.337 GC heap before
{Heap before GC invocations=3 (full 1):
 PSYoungGen      total 76288K, used 65536K [0x000000076af00000, 0x0000000770400000, 0x00000007c0000000)
  eden space 65536K, 100% used [0x000000076af00000,0x000000076ef00000,0x000000076ef00000)
  from space 10752K, 0% used [0x000000076ef00000,0x000000076ef00000,0x000000076f980000)
  to   space 10752K, 0% used [0x000000076f980000,0x000000076f980000,0x0000000770400000)
 ParOldGen       total 120320K, used 3301K [0x00000006c0c00000, 0x00000006c8180000, 0x000000076af00000)
  object space 120320K, 2% used [0x00000006c0c00000,0x00000006c0f397d8,0x00000006c8180000)
 Metaspace       used 17110K, capacity 17542K, committed 17792K, reserved 1067008K
  class space    used 1964K, capacity 2081K, committed 2176K, reserved 1048576K
Event: 2.341 GC heap after
Heap after GC invocations=3 (full 1):
 PSYoungGen      total 76288K, used 4920K [0x000000076af00000, 0x0000000770e80000, 0x00000007c0000000)
  eden space 65536K, 0% used [0x000000076af00000,0x000000076af00000,0x000000076ef00000)
  from space 10752K, 45% used [0x000000076f980000,0x000000076fe4e078,0x0000000770400000)
  to   space 10752K, 0% used [0x000000076ef00000,0x000000076ef00000,0x000000076f980000)
 ParOldGen       total 120320K, used 3317K [0x00000006c0c00000, 0x00000006c8180000, 0x000000076af00000)
  object space 120320K, 2% used [0x00000006c0c00000,0x00000006c0f3d7d8,0x00000006c8180000)
 Metaspace       used 17110K, capacity 17542K, committed 17792K, reserved 1067008K
  class space    used 1964K, capacity 2081K, committed 2176K, reserved 1048576K
}

